{
  "RSpec": {
    "coverage": {
      "/vagrant/Ruby2/Spree-Videos/spec/dummy/config/environment.rb": [
        null,
        1,
        null,
        null,
        1
      ],
      "/vagrant/Ruby2/Spree-Videos/spec/dummy/config/application.rb": [
        1,
        null,
        1,
        null,
        1,
        null,
        null,
        1,
        1,
        null,
        null,
        null,
        null,
        1,
        1,
        null,
        null,
        null,
        null,
        1,
        1,
        null,
        null,
        null,
        1,
        null,
        1,
        1,
        null,
        1,
        null,
        1,
        0,
        null,
        null,
        null,
        1,
        0,
        null,
        null,
        null,
        null,
        null,
        null,
        null,
        null,
        null,
        null,
        null,
        null,
        null,
        null,
        null,
        null,
        null,
        null
      ],
      "/vagrant/Ruby2/Spree-Videos/spec/dummy/config/boot.rb": [
        1,
        1,
        null,
        1,
        1,
        1
      ],
      "/vagrant/Ruby2/Spree-Videos/lib/spree_videos.rb": [
        1,
        1,
        1,
        null,
        1,
        1,
        1,
        1,
        null,
        1,
        null,
        1,
        1,
        1,
        null,
        null,
        null,
        1,
        null,
        null,
        null
      ],
      "/vagrant/Ruby2/Spree-Videos/lib/spree/videos/configuration.rb": [
        1,
        1,
        1,
        1,
        null,
        null,
        1,
        1,
        null,
        null,
        null,
        null,
        null,
        1,
        null,
        null,
        null,
        null,
        null,
        null,
        null,
        null,
        1,
        1,
        null,
        null,
        1,
        1,
        1,
        null,
        null,
        null,
        null,
        null,
        1
      ],
      "/vagrant/Ruby2/Spree-Videos/spec/dummy/config/environments/test.rb": [
        1,
        null,
        null,
        null,
        null,
        null,
        null,
        1,
        null,
        null,
        1,
        1,
        null,
        null,
        1,
        1,
        null,
        1,
        null,
        null,
        1,
        null,
        null,
        1,
        null,
        null,
        null,
        null,
        1,
        1,
        null,
        null,
        1,
        null
      ],
      "/vagrant/Ruby2/Spree-Videos/spec/dummy/app/controllers/application_controller.rb": [
        1,
        null,
        null,
        1,
        null
      ],
      "/vagrant/Ruby2/Spree-Videos/spec/dummy/app/helpers/application_helper.rb": [
        1,
        null
      ],
      "/vagrant/Ruby2/Spree-Videos/spec/dummy/config/initializers/backtrace_silencers.rb": [
        null,
        null,
        null,
        null,
        null,
        null,
        null
      ],
      "/vagrant/Ruby2/Spree-Videos/spec/dummy/config/initializers/custom_user.rb": [
        null
      ],
      "/vagrant/Ruby2/Spree-Videos/spec/dummy/config/initializers/filter_parameter_logging.rb": [
        null,
        null,
        null,
        1
      ],
      "/vagrant/Ruby2/Spree-Videos/spec/dummy/config/initializers/inflections.rb": [
        null,
        null,
        null,
        null,
        null,
        null,
        null,
        null,
        null,
        null,
        null,
        null,
        null,
        null,
        null,
        null
      ],
      "/vagrant/Ruby2/Spree-Videos/spec/dummy/config/initializers/mime_types.rb": [
        null,
        null,
        null,
        null,
        null
      ],
      "/vagrant/Ruby2/Spree-Videos/spec/dummy/config/initializers/secret_token.rb": [
        null,
        null,
        null,
        null,
        null,
        null,
        null,
        null,
        null,
        null,
        null,
        1
      ],
      "/vagrant/Ruby2/Spree-Videos/spec/dummy/config/initializers/session_store.rb": [
        null,
        null,
        1
      ],
      "/vagrant/Ruby2/Spree-Videos/spec/dummy/config/initializers/spree.rb": [
        null,
        null,
        null,
        null,
        null,
        null,
        null,
        1,
        null,
        null,
        null,
        null,
        null,
        1
      ],
      "/vagrant/Ruby2/Spree-Videos/spec/dummy/config/initializers/spree_videos.rb": [
        null,
        null,
        null,
        null,
        null,
        null,
        null,
        null,
        null,
        null,
        null,
        null,
        null,
        null,
        null,
        null,
        null
      ],
      "/vagrant/Ruby2/Spree-Videos/spec/dummy/config/initializers/wrap_parameters.rb": [
        null,
        null,
        null,
        null,
        null,
        null,
        1,
        1,
        null,
        null,
        null,
        null,
        null,
        null
      ],
      "/vagrant/Ruby2/Spree-Videos/app/overrides/add_video_admin.rb": [
        1,
        null,
        null,
        null,
        null
      ],
      "/vagrant/Ruby2/Spree-Videos/app/overrides/add_videos_product.rb": [
        1,
        null,
        null,
        null,
        null,
        null
      ],
      "/vagrant/Ruby2/Spree-Videos/app/models/spree/product_decorator.rb": [
        1,
        1,
        null
      ],
      "/vagrant/Ruby2/Spree-Videos/spec/dummy/config/routes.rb": [
        1,
        1,
        null
      ],
      "/vagrant/Ruby2/Spree-Videos/config/routes.rb": [
        1,
        1,
        1,
        1,
        null,
        null,
        1,
        1,
        1,
        1,
        1,
        null,
        null,
        null,
        null,
        null
      ],
      "/vagrant/Ruby2/Spree-Videos/lib/spree_videos/factories.rb": [
        1,
        1,
        1,
        3,
        null,
        null
      ],
      "/vagrant/Ruby2/Spree-Videos/app/models/spree/video.rb": [
        1,
        1,
        1,
        null,
        null,
        1,
        1,
        null,
        1,
        3,
        null,
        null,
        1,
        16,
        null,
        null,
        null
      ],
      "/vagrant/Ruby2/Spree-Videos/spec/features/video_spec.rb": [
        1,
        null,
        1,
        1,
        3,
        3,
        3,
        3,
        null,
        4,
        null,
        1,
        1,
        1,
        null,
        null,
        1,
        1,
        1,
        1,
        null,
        1,
        null,
        1,
        null,
        null,
        1,
        1,
        1,
        1,
        null,
        1,
        1,
        1,
        null,
        1,
        null,
        1,
        null,
        null
      ],
      "/vagrant/Ruby2/Spree-Videos/spec/models/video_spec.rb": [
        1,
        null,
        1,
        3,
        3,
        null,
        1,
        1,
        1,
        1,
        null,
        1,
        1,
        null,
        1,
        1,
        null,
        1,
        1,
        null,
        1,
        1,
        null,
        null,
        1,
        2,
        null,
        null
      ],
      "/vagrant/Ruby2/Spree-Videos/app/controllers/spree/admin/videos_controller.rb": [
        1,
        1,
        1,
        1,
        1,
        1,
        null,
        1,
        0,
        0,
        null,
        null,
        0,
        0,
        null,
        null,
        null,
        1,
        null,
        1,
        1,
        null,
        null,
        1,
        3,
        null,
        null,
        1,
        1,
        null,
        null,
        null,
        null
      ]
    },
    "timestamp": 1401884469
  }
}
